<?xml version="1.0" encoding="UTF-8"?>
<robot generator="Robot 4.0.3 (Python 3.9.6 on win32)" generated="20210707 12:13:20.409" rpa="false" schemaversion="2">
<suite id="s1" name="Selenium" source="C:\pythonProject\robot\selenium.robot">
<test id="s1-t1" name=" TC1 Get datetime">
<kw name="Get Current Date" library="DateTime">
<var>${current date}</var>
<doc>Returns current local or UTC time with an optional increment.</doc>
<msg timestamp="20210707 12:13:20.597" level="INFO">${current date} = 2021-07-07 12:13:20.597</msg>
<status status="PASS" starttime="20210707 12:13:20.597" endtime="20210707 12:13:20.597"/>
</kw>
<kw name="Log To Console" library="BuiltIn">
<arg>${current date}</arg>
<doc>Logs the given message to the console.</doc>
<status status="PASS" starttime="20210707 12:13:20.598" endtime="20210707 12:13:20.598"/>
</kw>
<status status="PASS" starttime="20210707 12:13:20.597" endtime="20210707 12:13:20.598"/>
</test>
<test id="s1-t2" name=" TC2 open browser">
<kw name="Append To Environment Variable" library="OperatingSystem">
<arg>Path</arg>
<arg>${EXECDIR}${/}driver</arg>
<doc>Appends given ``values`` to environment variable ``name``.</doc>
<msg timestamp="20210707 12:13:20.600" level="INFO">Environment variable 'Path' set to value 'C:\pythonProject\venv\Scripts;C:\Program Files (x86)\Common Files\Oracle\Java\javapath;C:\WINDOWS\system32;C:\WINDOWS;C:\WINDOWS\System32\Wbem;C:\WINDOWS\System32\WindowsPowerShell\v1.0\;C:\WINDOWS\System32\OpenSSH\;C:\Program Files (x86)\Webex\Webex\Applications;C:\Program Files (x86)\Sennheiser\SenncomSDK\;C:\Program Files\nodejs\;C:\Program Files\Git\cmd;C:\Program Files (x86)\MySQL\MySQL Fabric 1.5 ;C:\pythonProject\driver'.</msg>
<status status="PASS" starttime="20210707 12:13:20.600" endtime="20210707 12:13:20.600"/>
</kw>
<kw name="Open Browser" library="SeleniumLibrary">
<arg>url=https://google.com</arg>
<arg>browser=gc</arg>
<doc>Opens a new browser instance to the optional ``url``.</doc>
<msg timestamp="20210707 12:13:20.601" level="INFO">Opening browser 'gc' to base url 'https://google.com'.</msg>
<status status="PASS" starttime="20210707 12:13:20.601" endtime="20210707 12:13:23.069"/>
</kw>
<kw name="Maximize Browser Window" library="SeleniumLibrary">
<doc>Maximizes current browser window.</doc>
<status status="PASS" starttime="20210707 12:13:23.070" endtime="20210707 12:13:23.195"/>
</kw>
<kw name="Close Browser" library="SeleniumLibrary">
<doc>Closes the current browser.</doc>
<status status="PASS" starttime="20210707 12:13:23.196" endtime="20210707 12:13:26.221"/>
</kw>
<status status="PASS" starttime="20210707 12:13:20.599" endtime="20210707 12:13:26.222"/>
</test>
<status status="PASS" starttime="20210707 12:13:20.411" endtime="20210707 12:13:26.223"/>
</suite>
<statistics>
<total>
<stat pass="2" fail="0" skip="0">All Tests</stat>
</total>
<tag>
</tag>
<suite>
<stat pass="2" fail="0" skip="0" id="s1" name="Selenium">Selenium</stat>
</suite>
</statistics>
<errors>
</errors>
</robot>
